Determining if the function sgemm_ exists failed with the following output:
Change Dir: /home/douglas/Documentos/non-blocking-cpp/matplotplusplus/CMakeFiles/CMakeTmp

Run Build Command(s):/usr/bin/gmake -f Makefile cmTC_7ca88/fast && /usr/bin/gmake  -f CMakeFiles/cmTC_7ca88.dir/build.make CMakeFiles/cmTC_7ca88.dir/build
gmake[1]: Entrando no diretório '/home/douglas/Documentos/non-blocking-cpp/matplotplusplus/CMakeFiles/CMakeTmp'
Building C object CMakeFiles/cmTC_7ca88.dir/CheckFunctionExists.c.o
/usr/bin/cc   -DCHECK_FUNCTION_EXISTS=sgemm_ -o CMakeFiles/cmTC_7ca88.dir/CheckFunctionExists.c.o -c /usr/share/cmake-3.22/Modules/CheckFunctionExists.c
Linking C executable cmTC_7ca88
/usr/bin/cmake -E cmake_link_script CMakeFiles/cmTC_7ca88.dir/link.txt --verbose=1
/usr/bin/cc  -DCHECK_FUNCTION_EXISTS=sgemm_ CMakeFiles/cmTC_7ca88.dir/CheckFunctionExists.c.o -o cmTC_7ca88 
/usr/bin/ld: CMakeFiles/cmTC_7ca88.dir/CheckFunctionExists.c.o: na função "main":
CheckFunctionExists.c:(.text+0x14): referência não definida para "sgemm_"
collect2: error: ld returned 1 exit status
gmake[1]: *** [CMakeFiles/cmTC_7ca88.dir/build.make:99: cmTC_7ca88] Erro 1
gmake[1]: Saindo do diretório '/home/douglas/Documentos/non-blocking-cpp/matplotplusplus/CMakeFiles/CMakeTmp'
gmake: *** [Makefile:127: cmTC_7ca88/fast] Erro 2



Determining if the function cheev_ exists failed with the following output:
Change Dir: /home/douglas/Documentos/non-blocking-cpp/matplotplusplus/CMakeFiles/CMakeTmp

Run Build Command(s):/usr/bin/gmake -f Makefile cmTC_4a05b/fast && /usr/bin/gmake  -f CMakeFiles/cmTC_4a05b.dir/build.make CMakeFiles/cmTC_4a05b.dir/build
gmake[1]: Entrando no diretório '/home/douglas/Documentos/non-blocking-cpp/matplotplusplus/CMakeFiles/CMakeTmp'
Building C object CMakeFiles/cmTC_4a05b.dir/CheckFunctionExists.c.o
/usr/bin/cc   -DCHECK_FUNCTION_EXISTS=cheev_ -o CMakeFiles/cmTC_4a05b.dir/CheckFunctionExists.c.o -c /usr/share/cmake-3.22/Modules/CheckFunctionExists.c
Linking C executable cmTC_4a05b
/usr/bin/cmake -E cmake_link_script CMakeFiles/cmTC_4a05b.dir/link.txt --verbose=1
/usr/bin/cc  -DCHECK_FUNCTION_EXISTS=cheev_ CMakeFiles/cmTC_4a05b.dir/CheckFunctionExists.c.o -o cmTC_4a05b  /usr/lib/x86_64-linux-gnu/libblas.so -lm -ldl 
/usr/bin/ld: CMakeFiles/cmTC_4a05b.dir/CheckFunctionExists.c.o: na função "main":
CheckFunctionExists.c:(.text+0x14): referência não definida para "cheev_"
collect2: error: ld returned 1 exit status
gmake[1]: *** [CMakeFiles/cmTC_4a05b.dir/build.make:100: cmTC_4a05b] Erro 1
gmake[1]: Saindo do diretório '/home/douglas/Documentos/non-blocking-cpp/matplotplusplus/CMakeFiles/CMakeTmp'
gmake: *** [Makefile:127: cmTC_4a05b/fast] Erro 2



Determining if the function cheev_ exists failed with the following output:
Change Dir: /home/douglas/Documentos/non-blocking-cpp/matplotplusplus/CMakeFiles/CMakeTmp

Run Build Command(s):/usr/bin/gmake -f Makefile cmTC_4b88c/fast && /usr/bin/gmake  -f CMakeFiles/cmTC_4b88c.dir/build.make CMakeFiles/cmTC_4b88c.dir/build
gmake[1]: Entrando no diretório '/home/douglas/Documentos/non-blocking-cpp/matplotplusplus/CMakeFiles/CMakeTmp'
Building C object CMakeFiles/cmTC_4b88c.dir/CheckFunctionExists.c.o
/usr/bin/cc   -DCHECK_FUNCTION_EXISTS=cheev_ -o CMakeFiles/cmTC_4b88c.dir/CheckFunctionExists.c.o -c /usr/share/cmake-3.22/Modules/CheckFunctionExists.c
Linking C executable cmTC_4b88c
/usr/bin/cmake -E cmake_link_script CMakeFiles/cmTC_4b88c.dir/link.txt --verbose=1
/usr/bin/cc  -DCHECK_FUNCTION_EXISTS=cheev_ CMakeFiles/cmTC_4b88c.dir/CheckFunctionExists.c.o -o cmTC_4b88c  /usr/lib/x86_64-linux-gnu/liblapack.so /usr/lib/x86_64-linux-gnu/libblas.so -fortranlibs 
cc: error: unrecognized command-line option ‘-fortranlibs’
gmake[1]: *** [CMakeFiles/cmTC_4b88c.dir/build.make:101: cmTC_4b88c] Erro 1
gmake[1]: Saindo do diretório '/home/douglas/Documentos/non-blocking-cpp/matplotplusplus/CMakeFiles/CMakeTmp'
gmake: *** [Makefile:127: cmTC_4b88c/fast] Erro 2



